Buildfile: C:\Harrithha\IIT_Dh\College_Academics\Sem_5\CA-Lab-22\Assignment6\supporting_files\submissions\build.xml

build-subprojects:

init:
    [mkdir] Created dir: C:\Harrithha\IIT_Dh\College_Academics\Sem_5\CA-Lab-22\Assignment6\supporting_files\submissions\bin
     [copy] Copying 1 file to C:\Harrithha\IIT_Dh\College_Academics\Sem_5\CA-Lab-22\Assignment6\supporting_files\submissions\bin

build-project:
    [javac] Compiling 31 source files to C:\Harrithha\IIT_Dh\College_Academics\Sem_5\CA-Lab-22\Assignment6\supporting_files\submissions\bin
    [javac] warning: [options] bootstrap class path not set in conjunction with -source 8
    [javac] C:\Harrithha\IIT_Dh\College_Academics\Sem_5\CA-Lab-22\Assignment6\supporting_files\submissions\src\processor\pipeline\MemoryAccess.java:52: error: ')' expected
    [javac] 							(Element) this.using_cache, 
    [javac] 							         ^
    [javac] C:\Harrithha\IIT_Dh\College_Academics\Sem_5\CA-Lab-22\Assignment6\supporting_files\submissions\src\processor\pipeline\MemoryAccess.java:52: error: not a statement
    [javac] 							(Element) this.using_cache, 
    [javac] 							              ^
    [javac] C:\Harrithha\IIT_Dh\College_Academics\Sem_5\CA-Lab-22\Assignment6\supporting_files\submissions\src\processor\pipeline\MemoryAccess.java:52: error: ';' expected
    [javac] 							(Element) this.using_cache, 
    [javac] 							                          ^
    [javac] C:\Harrithha\IIT_Dh\College_Academics\Sem_5\CA-Lab-22\Assignment6\supporting_files\submissions\src\processor\pipeline\MemoryAccess.java:53: error: not a statement
    [javac] 							(Element) containingProcessor.getMainMemory(), alu_result)
    [javac] 							 ^
    [javac] C:\Harrithha\IIT_Dh\College_Academics\Sem_5\CA-Lab-22\Assignment6\supporting_files\submissions\src\processor\pipeline\MemoryAccess.java:53: error: ';' expected
    [javac] 							(Element) containingProcessor.getMainMemory(), alu_result)
    [javac] 							        ^
    [javac] C:\Harrithha\IIT_Dh\College_Academics\Sem_5\CA-Lab-22\Assignment6\supporting_files\submissions\src\processor\pipeline\MemoryAccess.java:53: error: ';' expected
    [javac] 							(Element) containingProcessor.getMainMemory(), alu_result)
    [javac] 							                                             ^
    [javac] C:\Harrithha\IIT_Dh\College_Academics\Sem_5\CA-Lab-22\Assignment6\supporting_files\submissions\src\processor\pipeline\MemoryAccess.java:53: error: not a statement
    [javac] 							(Element) containingProcessor.getMainMemory(), alu_result)
    [javac] 							                                               ^
    [javac] C:\Harrithha\IIT_Dh\College_Academics\Sem_5\CA-Lab-22\Assignment6\supporting_files\submissions\src\processor\pipeline\MemoryAccess.java:53: error: ';' expected
    [javac] 							(Element) containingProcessor.getMainMemory(), alu_result)
    [javac] 							                                                         ^
    [javac] 8 errors
    [javac] 1 warning

BUILD FAILED
C:\Harrithha\IIT_Dh\College_Academics\Sem_5\CA-Lab-22\Assignment6\supporting_files\submissions\build.xml:27: Compile failed; see the compiler error output for details.

Total time: 1 second
Buildfile: C:\Harrithha\IIT_Dh\College_Academics\Sem_5\CA-Lab-22\Assignment6\supporting_files\submissions\build.xml

build-subprojects:

init:
     [copy] Copying 1 file to C:\Harrithha\IIT_Dh\College_Academics\Sem_5\CA-Lab-22\Assignment6\supporting_files\submissions\bin

build-project:
    [javac] Compiling 31 source files to C:\Harrithha\IIT_Dh\College_Academics\Sem_5\CA-Lab-22\Assignment6\supporting_files\submissions\bin
    [javac] warning: [options] bootstrap class path not set in conjunction with -source 8
    [javac] 1 warning

build:

make-jar:
    [mkdir] Created dir: C:\Harrithha\IIT_Dh\College_Academics\Sem_5\CA-Lab-22\Assignment6\supporting_files\submissions\jars
      [jar] Building jar: C:\Harrithha\IIT_Dh\College_Academics\Sem_5\CA-Lab-22\Assignment6\supporting_files\submissions\jars\simulator.jar

BUILD SUCCESSFUL
Total time: 2 seconds
