Buildfile: C:\Harrithha\IIT_Dh\College_Academics\Sem_5\CA-Lab-22\Assignment3\supporting_files\submissions\build.xml

build-subprojects:

init:
    [mkdir] Created dir: C:\Harrithha\IIT_Dh\College_Academics\Sem_5\CA-Lab-22\Assignment3\supporting_files\submissions\bin
     [copy] Copying 1 file to C:\Harrithha\IIT_Dh\College_Academics\Sem_5\CA-Lab-22\Assignment3\supporting_files\submissions\bin

build-project:
    [javac] Compiling 22 source files to C:\Harrithha\IIT_Dh\College_Academics\Sem_5\CA-Lab-22\Assignment3\supporting_files\submissions\bin
    [javac] warning: [options] bootstrap class path not set in conjunction with -source 8
    [javac] 1 warning

build:

make-jar:
    [mkdir] Created dir: C:\Harrithha\IIT_Dh\College_Academics\Sem_5\CA-Lab-22\Assignment3\supporting_files\submissions\jars
      [jar] Building jar: C:\Harrithha\IIT_Dh\College_Academics\Sem_5\CA-Lab-22\Assignment3\supporting_files\submissions\jars\simulator.jar

BUILD SUCCESSFUL
Total time: 2 seconds
Buildfile: C:\Harrithha\IIT_Dh\College_Academics\Sem_5\CA-Lab-22\Assignment3\supporting_files\submissions\build.xml

build-subprojects:

init:

build-project:

build:

make-jar:

BUILD SUCCESSFUL
Total time: 0 seconds
Buildfile: C:\Harrithha\IIT_Dh\College_Academics\Sem_5\CA-Lab-22\Assignment3\supporting_files\submissions\build.xml

build-subprojects:

init:
     [copy] Copying 1 file to C:\Harrithha\IIT_Dh\College_Academics\Sem_5\CA-Lab-22\Assignment3\supporting_files\submissions\bin

build-project:
    [javac] Compiling 22 source files to C:\Harrithha\IIT_Dh\College_Academics\Sem_5\CA-Lab-22\Assignment3\supporting_files\submissions\bin
    [javac] warning: [options] bootstrap class path not set in conjunction with -source 8
    [javac] 1 warning

build:

make-jar:
      [jar] Building jar: C:\Harrithha\IIT_Dh\College_Academics\Sem_5\CA-Lab-22\Assignment3\supporting_files\submissions\jars\simulator.jar

BUILD SUCCESSFUL
Total time: 1 second
